{
  "RSpec": {
    "coverage": {
      "/home/saasbook/Documents/sep041614/app/controllers/application_controller.rb": [
        1,
        1,
        null
      ],
      "/home/saasbook/Documents/sep041614/app/helpers/application_helper.rb": [
        1,
        null
      ],
      "/home/saasbook/Documents/sep041614/app/controllers/rides_controller.rb": [
        1,
        null,
        1,
        null,
        null,
        null,
        1,
        null,
        null,
        1,
        null,
        null,
        1,
        null,
        3,
        null,
        3,
        null,
        3,
        null,
        3,
        null,
        3,
        3,
        null,
        3,
        null,
        3,
        3,
        null,
        3,
        null,
        3,
        3,
        3,
        null,
        3,
        0,
        null,
        3,
        null,
        null,
        3,
        3,
        null,
        3,
        3,
        null,
        3,
        3,
        3,
        3,
        0,
        null,
        3,
        null,
        3,
        3,
        3,
        3,
        null,
        3,
        1,
        1,
        null,
        null,
        null,
        null
      ],
      "/home/saasbook/Documents/sep041614/app/models/ride.rb": [
        1,
        null,
        1,
        null,
        1,
        null,
        null,
        null,
        null,
        null,
        null,
        1,
        4,
        4,
        4,
        4,
        4,
        4,
        4,
        null,
        null,
        null,
        null,
        1,
        1,
        1,
        1,
        1,
        1,
        null,
        null,
        null,
        1,
        4,
        4,
        4,
        4,
        4,
        4,
        null,
        null,
        null,
        null
      ]
    },
    "timestamp": 1397666446
  }
}
